2026-01-14 11:32:08,254 INFO o.a.j.u.JMeterUtils: Setting Locale to en_EN
2026-01-14 11:32:08,284 INFO o.a.j.JMeter: Loading user properties from: C:\Users\AryeshSaha\Downloads\apache-jmeter-5.6.3\apache-jmeter-5.6.3\bin\user.properties
2026-01-14 11:32:08,286 INFO o.a.j.JMeter: Loading system properties from: C:\Users\AryeshSaha\Downloads\apache-jmeter-5.6.3\apache-jmeter-5.6.3\bin\system.properties
2026-01-14 11:32:08,304 INFO o.a.j.JMeter: Copyright (c) 1998-2024 The Apache Software Foundation
2026-01-14 11:32:08,305 INFO o.a.j.JMeter: Version 5.6.3
2026-01-14 11:32:08,305 INFO o.a.j.JMeter: java.version=25.0.1
2026-01-14 11:32:08,305 INFO o.a.j.JMeter: java.vm.name=OpenJDK 64-Bit Server VM
2026-01-14 11:32:08,305 INFO o.a.j.JMeter: os.name=Windows 11
2026-01-14 11:32:08,305 INFO o.a.j.JMeter: os.arch=amd64
2026-01-14 11:32:08,305 INFO o.a.j.JMeter: os.version=10.0
2026-01-14 11:32:08,306 INFO o.a.j.JMeter: file.encoding=UTF-8
2026-01-14 11:32:08,306 INFO o.a.j.JMeter: java.awt.headless=true
2026-01-14 11:32:08,306 INFO o.a.j.JMeter: Max memory     =1073741824
2026-01-14 11:32:08,306 INFO o.a.j.JMeter: Available Processors =14
2026-01-14 11:32:08,330 INFO o.a.j.JMeter: Default Locale=English (EN)
2026-01-14 11:32:08,330 INFO o.a.j.JMeter: JMeter  Locale=English (EN)
2026-01-14 11:32:08,330 INFO o.a.j.JMeter: JMeterHome=C:\Users\AryeshSaha\Downloads\apache-jmeter-5.6.3\apache-jmeter-5.6.3
2026-01-14 11:32:08,331 INFO o.a.j.JMeter: user.dir  =C:\Users\AryeshSaha\Documents\specialty training\DemoPerfTests\jmeter
2026-01-14 11:32:08,332 INFO o.a.j.JMeter: PWD       =C:\Users\AryeshSaha\Documents\specialty training\DemoPerfTests\jmeter
2026-01-14 11:32:08,358 INFO o.a.j.JMeter: IP: 172.23.140.40 Name: IBM-9W1V4D4 FullName: 172.23.140.40
2026-01-14 11:32:08,376 INFO o.a.j.JMeter: Setting property 'jmeter.reportgenerator.outputdir' to:'C:\Users\AryeshSaha\Documents\specialty training\DemoPerfTests\jmeter\interviewReport'
2026-01-14 11:32:08,382 INFO o.a.j.s.FileServer: Default base='C:\Users\AryeshSaha\Documents\specialty training\DemoPerfTests\jmeter'
2026-01-14 11:32:08,384 INFO o.a.j.s.FileServer: Set new base='C:\Users\AryeshSaha\Documents\specialty training\DemoPerfTests\jmeter'
2026-01-14 11:32:08,800 INFO o.a.j.s.SaveService: Testplan (JMX) version: 2.2. Testlog (JTL) version: 2.2
2026-01-14 11:32:08,841 INFO o.a.j.s.SaveService: Using SaveService properties version 5.0
2026-01-14 11:32:08,846 INFO o.a.j.s.SaveService: Using SaveService properties file encoding UTF-8
2026-01-14 11:32:08,852 INFO o.a.j.s.SaveService: Loading file: PracticeTestAutomation_InterviewOps_Test.jmx
2026-01-14 11:32:08,933 INFO o.a.j.p.h.s.HTTPSamplerBase: Parser for text/html is org.apache.jmeter.protocol.http.parser.LagartoBasedHtmlParser
2026-01-14 11:32:08,933 INFO o.a.j.p.h.s.HTTPSamplerBase: Parser for application/xhtml+xml is org.apache.jmeter.protocol.http.parser.LagartoBasedHtmlParser
2026-01-14 11:32:08,933 INFO o.a.j.p.h.s.HTTPSamplerBase: Parser for application/xml is org.apache.jmeter.protocol.http.parser.LagartoBasedHtmlParser
2026-01-14 11:32:08,933 INFO o.a.j.p.h.s.HTTPSamplerBase: Parser for text/xml is org.apache.jmeter.protocol.http.parser.LagartoBasedHtmlParser
2026-01-14 11:32:08,934 INFO o.a.j.p.h.s.HTTPSamplerBase: Parser for text/vnd.wap.wml is org.apache.jmeter.protocol.http.parser.RegexpHTMLParser
2026-01-14 11:32:08,934 INFO o.a.j.p.h.s.HTTPSamplerBase: Parser for text/css is org.apache.jmeter.protocol.http.parser.CssParser
2026-01-14 11:32:09,000 INFO o.a.j.p.h.c.CookieManager: Settings: Delete null: true Check: true Allow variable: true Save: false Prefix: COOKIE_
2026-01-14 11:32:09,024 INFO o.a.j.JMeter: Creating summariser <summary>
2026-01-14 11:32:09,030 INFO o.a.j.r.d.ReportGenerator: ReportGenerator will use for Parsing the separator: ','
2026-01-14 11:32:09,031 INFO o.a.j.r.d.ReportGenerator: Will generate report at end of test from  results file: interviewResults.jtl
2026-01-14 11:32:09,031 INFO o.a.j.r.d.ReportGenerator: Reading report generator properties from: C:\Users\AryeshSaha\Downloads\apache-jmeter-5.6.3\apache-jmeter-5.6.3\bin\reportgenerator.properties
2026-01-14 11:32:09,035 INFO o.a.j.r.d.ReportGenerator: Merging with JMeter properties
2026-01-14 11:32:09,047 INFO o.a.j.r.c.ReportGeneratorConfiguration: Property 'jmeter.reportgenerator.temp_dir' not found, using default value 'temp' instead.
2026-01-14 11:32:09,053 INFO o.a.j.r.c.ReportGeneratorConfiguration: Property 'jmeter.reportgenerator.apdex_per_transaction' not found, using default value 'null' instead.
2026-01-14 11:32:09,054 INFO o.a.j.r.c.ReportGeneratorConfiguration: apdex_per_transaction is empty, not APDEX per transaction customization
2026-01-14 11:32:09,054 INFO o.a.j.r.c.ReportGeneratorConfiguration: Property 'jmeter.reportgenerator.sample_filter' not found, using default value 'null' instead.
2026-01-14 11:32:09,054 INFO o.a.j.r.c.ReportGeneratorConfiguration: Property 'jmeter.reportgenerator.report_title' not found, using default value 'null' instead.
2026-01-14 11:32:09,055 INFO o.a.j.r.c.ReportGeneratorConfiguration: Property 'jmeter.reportgenerator.start_date' not found, using default value 'null' instead.
2026-01-14 11:32:09,055 INFO o.a.j.r.c.ReportGeneratorConfiguration: Property 'jmeter.reportgenerator.end_date' not found, using default value 'null' instead.
2026-01-14 11:32:09,055 INFO o.a.j.r.c.ReportGeneratorConfiguration: Property 'jmeter.reportgenerator.date_format' not found, using default value 'null' instead.
2026-01-14 11:32:09,055 INFO o.a.j.r.c.ReportGeneratorConfiguration: Will use date range start date: null, end date: null
2026-01-14 11:32:09,066 INFO o.a.j.r.c.ReportGeneratorConfiguration: Property 'jmeter.reportgenerator.graph.totalTPS.exclude_controllers' not found, using default value 'false' instead.
2026-01-14 11:32:09,067 INFO o.a.j.r.c.ReportGeneratorConfiguration: Property 'jmeter.reportgenerator.graph.activeThreadsOverTime.exclude_controllers' not found, using default value 'false' instead.
2026-01-14 11:32:09,067 INFO o.a.j.r.c.ReportGeneratorConfiguration: Property 'jmeter.reportgenerator.graph.timeVsThreads.exclude_controllers' not found, using default value 'false' instead.
2026-01-14 11:32:09,068 INFO o.a.j.r.c.ReportGeneratorConfiguration: Property 'jmeter.reportgenerator.graph.responseTimeDistribution.exclude_controllers' not found, using default value 'false' instead.
2026-01-14 11:32:09,068 INFO o.a.j.r.c.ReportGeneratorConfiguration: Property 'jmeter.reportgenerator.graph.transactionsPerSecond.exclude_controllers' not found, using default value 'false' instead.
2026-01-14 11:32:09,068 INFO o.a.j.r.c.ReportGeneratorConfiguration: Property 'jmeter.reportgenerator.graph.responseTimePercentiles.exclude_controllers' not found, using default value 'false' instead.
2026-01-14 11:32:09,068 INFO o.a.j.r.c.ReportGeneratorConfiguration: Property 'jmeter.reportgenerator.graph.responseTimePercentilesOverTime.exclude_controllers' not found, using default value 'false' instead.
2026-01-14 11:32:09,069 INFO o.a.j.r.c.ReportGeneratorConfiguration: Property 'jmeter.reportgenerator.graph.responseTimesOverTime.exclude_controllers' not found, using default value 'false' instead.
2026-01-14 11:32:09,069 INFO o.a.j.r.c.ReportGeneratorConfiguration: Property 'jmeter.reportgenerator.graph.connectTimeOverTime.exclude_controllers' not found, using default value 'false' instead.
2026-01-14 11:32:09,069 INFO o.a.j.r.c.ReportGeneratorConfiguration: Property 'jmeter.reportgenerator.graph.latenciesOverTime.exclude_controllers' not found, using default value 'false' instead.
2026-01-14 11:32:09,070 INFO o.a.j.r.c.ReportGeneratorConfiguration: Property 'jmeter.reportgenerator.exporter.json.filters_only_sample_series' not found, using default value 'true' instead.
2026-01-14 11:32:09,070 INFO o.a.j.r.c.ReportGeneratorConfiguration: Property 'jmeter.reportgenerator.exporter.json.series_filter' not found, using default value '' instead.
2026-01-14 11:32:09,071 INFO o.a.j.r.c.ReportGeneratorConfiguration: Property 'jmeter.reportgenerator.exporter.json.show_controllers_only' not found, using default value 'false' instead.
2026-01-14 11:32:09,071 INFO o.a.j.r.c.ReportGeneratorConfiguration: Property 'jmeter.reportgenerator.exporter.html.filters_only_sample_series' not found, using default value 'true' instead.
2026-01-14 11:32:09,072 INFO o.a.j.r.c.ReportGeneratorConfiguration: Property 'jmeter.reportgenerator.exporter.html.series_filter' not found, using default value '' instead.
2026-01-14 11:32:09,072 INFO o.a.j.r.c.ReportGeneratorConfiguration: Property 'jmeter.reportgenerator.exporter.html.show_controllers_only' not found, using default value 'false' instead.
2026-01-14 11:32:09,100 INFO o.a.j.e.StandardJMeterEngine: Running the test!
2026-01-14 11:32:09,105 INFO o.a.j.s.SampleEvent: List of sample_variables: []
2026-01-14 11:32:09,105 INFO o.a.j.s.SampleEvent: List of sample_variables: []
2026-01-14 11:32:09,113 INFO o.a.j.e.u.CompoundVariable: Note: Function class names must contain the string: '.functions.'
2026-01-14 11:32:09,113 INFO o.a.j.e.u.CompoundVariable: Note: Function class names must not contain the string: '.gui.'
2026-01-14 11:32:09,310 INFO o.a.j.JMeter: Running test (1768370529310)
2026-01-14 11:32:09,355 INFO o.a.j.e.StandardJMeterEngine: Starting ThreadGroup: 1 : Login Users
2026-01-14 11:32:09,356 INFO o.a.j.e.StandardJMeterEngine: Starting 56 threads for group Login Users.
2026-01-14 11:32:09,356 INFO o.a.j.e.StandardJMeterEngine: Thread will continue on error
2026-01-14 11:32:09,356 INFO o.a.j.t.ThreadGroup: Starting thread group... number=1 threads=56 ramp-up=3 delayedStart=false
2026-01-14 11:32:09,371 INFO o.a.j.s.SampleResult: Note: Sample TimeStamps are START times
2026-01-14 11:32:09,372 INFO o.a.j.s.SampleResult: sampleresult.default.encoding is set to UTF-8
2026-01-14 11:32:09,372 INFO o.a.j.s.SampleResult: sampleresult.useNanoTime=true
2026-01-14 11:32:09,373 INFO o.a.j.s.SampleResult: sampleresult.nanoThreadSleep=5000
2026-01-14 11:32:09,375 INFO o.a.j.t.JMeterThread: Thread started: Login Users 1-1
2026-01-14 11:32:09,423 INFO o.a.j.t.JMeterThread: Thread started: Login Users 1-2
2026-01-14 11:32:09,441 INFO o.a.j.t.ThreadGroup: Started thread group number 1
2026-01-14 11:32:09,442 INFO o.a.j.e.StandardJMeterEngine: All thread groups have been started
2026-01-14 11:32:09,474 INFO o.a.j.t.JMeterThread: Thread started: Login Users 1-3
2026-01-14 11:32:09,526 INFO o.a.j.t.JMeterThread: Thread started: Login Users 1-4
2026-01-14 11:32:09,580 INFO o.a.j.t.JMeterThread: Thread started: Login Users 1-5
2026-01-14 11:32:09,633 INFO o.a.j.t.JMeterThread: Thread started: Login Users 1-6
2026-01-14 11:32:09,659 INFO o.a.j.p.h.s.HTTPHCAbstractImpl: Local host = IBM-9W1V4D4
2026-01-14 11:32:09,675 INFO o.a.j.p.h.s.HTTPHC4Impl: HTTP request retry count = 0
2026-01-14 11:32:09,687 INFO o.a.j.t.JMeterThread: Thread started: Login Users 1-7
2026-01-14 11:32:09,740 INFO o.a.j.t.JMeterThread: Thread started: Login Users 1-8
2026-01-14 11:32:09,794 INFO o.a.j.t.JMeterThread: Thread started: Login Users 1-9
2026-01-14 11:32:09,844 INFO o.a.j.p.h.s.h.LazyLayeredConnectionSocketFactory: Setting up HTTPS TrustAll Socket Factory
2026-01-14 11:32:09,844 INFO o.a.j.t.JMeterThread: Thread started: Login Users 1-10
2026-01-14 11:32:09,863 INFO o.a.j.u.JsseSSLManager: Using default SSL protocol: TLS
2026-01-14 11:32:09,864 INFO o.a.j.u.JsseSSLManager: SSL session context: per-thread
2026-01-14 11:32:09,903 INFO o.a.j.t.JMeterThread: Thread started: Login Users 1-11
2026-01-14 11:32:09,955 INFO o.a.j.t.JMeterThread: Thread started: Login Users 1-12
2026-01-14 11:32:10,008 INFO o.a.j.t.JMeterThread: Thread started: Login Users 1-13
2026-01-14 11:32:10,052 INFO o.a.j.u.SSLManager: JmeterKeyStore Location:  type JKS
2026-01-14 11:32:10,061 INFO o.a.j.u.SSLManager: KeyStore created OK
2026-01-14 11:32:10,062 WARN o.a.j.u.SSLManager: Keystore file not found, loading empty keystore
2026-01-14 11:32:10,076 INFO o.a.j.t.JMeterThread: Thread started: Login Users 1-14
2026-01-14 11:32:10,130 INFO o.a.j.t.JMeterThread: Thread started: Login Users 1-15
2026-01-14 11:32:10,183 INFO o.a.j.t.JMeterThread: Thread started: Login Users 1-16
2026-01-14 11:32:10,233 INFO o.a.j.t.JMeterThread: Thread started: Login Users 1-17
2026-01-14 11:32:10,285 INFO o.a.j.t.JMeterThread: Thread started: Login Users 1-18
2026-01-14 11:32:10,338 INFO o.a.j.t.JMeterThread: Thread started: Login Users 1-19
2026-01-14 11:32:10,392 INFO o.a.j.t.JMeterThread: Thread started: Login Users 1-20
2026-01-14 11:32:10,454 INFO o.a.j.t.JMeterThread: Thread started: Login Users 1-21
2026-01-14 11:32:10,499 INFO o.a.j.t.JMeterThread: Thread started: Login Users 1-22
2026-01-14 11:32:10,552 INFO o.a.j.t.JMeterThread: Thread started: Login Users 1-23
2026-01-14 11:32:10,603 INFO o.a.j.t.JMeterThread: Thread started: Login Users 1-24
2026-01-14 11:32:10,656 INFO o.a.j.t.JMeterThread: Thread started: Login Users 1-25
2026-01-14 11:32:10,711 INFO o.a.j.t.JMeterThread: Thread started: Login Users 1-26
2026-01-14 11:32:10,767 INFO o.a.j.t.JMeterThread: Thread started: Login Users 1-27
2026-01-14 11:32:10,816 INFO o.a.j.t.JMeterThread: Thread started: Login Users 1-28
2026-01-14 11:32:10,870 INFO o.a.j.t.JMeterThread: Thread started: Login Users 1-29
2026-01-14 11:32:10,926 INFO o.a.j.t.JMeterThread: Thread started: Login Users 1-30
2026-01-14 11:32:10,979 INFO o.a.j.t.JMeterThread: Thread started: Login Users 1-31
2026-01-14 11:32:11,036 INFO o.a.j.t.JMeterThread: Thread started: Login Users 1-32
2026-01-14 11:32:11,087 INFO o.a.j.t.JMeterThread: Thread started: Login Users 1-33
2026-01-14 11:32:11,140 INFO o.a.j.t.JMeterThread: Thread started: Login Users 1-34
2026-01-14 11:32:11,195 INFO o.a.j.t.JMeterThread: Thread started: Login Users 1-35
2026-01-14 11:32:11,248 INFO o.a.j.t.JMeterThread: Thread started: Login Users 1-36
2026-01-14 11:32:11,304 INFO o.a.j.t.JMeterThread: Thread started: Login Users 1-37
2026-01-14 11:32:11,358 INFO o.a.j.t.JMeterThread: Thread started: Login Users 1-38
2026-01-14 11:32:11,410 INFO o.a.j.t.JMeterThread: Thread started: Login Users 1-39
2026-01-14 11:32:11,466 INFO o.a.j.t.JMeterThread: Thread started: Login Users 1-40
2026-01-14 11:32:11,519 INFO o.a.j.t.JMeterThread: Thread started: Login Users 1-41
2026-01-14 11:32:11,573 INFO o.a.j.t.JMeterThread: Thread started: Login Users 1-42
2026-01-14 11:32:11,627 INFO o.a.j.t.JMeterThread: Thread started: Login Users 1-43
2026-01-14 11:32:11,680 INFO o.a.j.t.JMeterThread: Thread started: Login Users 1-44
2026-01-14 11:32:11,735 INFO o.a.j.t.JMeterThread: Thread started: Login Users 1-45
2026-01-14 11:32:11,789 INFO o.a.j.t.JMeterThread: Thread started: Login Users 1-46
2026-01-14 11:32:11,842 INFO o.a.j.t.JMeterThread: Thread started: Login Users 1-47
2026-01-14 11:32:11,897 INFO o.a.j.t.JMeterThread: Thread started: Login Users 1-48
2026-01-14 11:32:11,950 INFO o.a.j.t.JMeterThread: Thread started: Login Users 1-49
2026-01-14 11:32:12,003 INFO o.a.j.t.JMeterThread: Thread started: Login Users 1-50
2026-01-14 11:32:12,061 INFO o.a.j.t.JMeterThread: Thread started: Login Users 1-51
2026-01-14 11:32:12,113 INFO o.a.j.t.JMeterThread: Thread started: Login Users 1-52
2026-01-14 11:32:12,167 INFO o.a.j.t.JMeterThread: Thread started: Login Users 1-53
2026-01-14 11:32:12,221 INFO o.a.j.t.JMeterThread: Thread started: Login Users 1-54
2026-01-14 11:32:12,274 INFO o.a.j.t.JMeterThread: Thread started: Login Users 1-55
2026-01-14 11:32:12,329 INFO o.a.j.t.JMeterThread: Thread started: Login Users 1-56
2026-01-14 11:33:42,384 INFO o.a.j.t.JMeterThread: Thread is done: Login Users 1-1
2026-01-14 11:33:42,385 INFO o.a.j.t.JMeterThread: Thread finished: Login Users 1-1
2026-01-14 11:33:43,419 INFO o.a.j.t.JMeterThread: Thread is done: Login Users 1-4
2026-01-14 11:33:43,419 INFO o.a.j.t.JMeterThread: Thread finished: Login Users 1-4
2026-01-14 11:33:44,528 INFO o.a.j.t.JMeterThread: Thread is done: Login Users 1-11
2026-01-14 11:33:44,528 INFO o.a.j.t.JMeterThread: Thread finished: Login Users 1-11
2026-01-14 11:33:44,573 INFO o.a.j.t.JMeterThread: Thread is done: Login Users 1-6
2026-01-14 11:33:44,573 INFO o.a.j.t.JMeterThread: Thread finished: Login Users 1-6
2026-01-14 11:33:45,905 INFO o.a.j.t.JMeterThread: Thread is done: Login Users 1-29
2026-01-14 11:33:45,905 INFO o.a.j.t.JMeterThread: Thread finished: Login Users 1-29
2026-01-14 11:33:46,514 INFO o.a.j.t.JMeterThread: Thread is done: Login Users 1-39
2026-01-14 11:33:46,514 INFO o.a.j.t.JMeterThread: Thread finished: Login Users 1-39
2026-01-14 11:33:46,766 INFO o.a.j.t.JMeterThread: Thread is done: Login Users 1-48
2026-01-14 11:33:46,766 INFO o.a.j.t.JMeterThread: Thread finished: Login Users 1-48
2026-01-14 11:33:47,386 INFO o.a.j.t.JMeterThread: Thread is done: Login Users 1-13
2026-01-14 11:33:47,386 INFO o.a.j.t.JMeterThread: Thread finished: Login Users 1-13
2026-01-14 11:33:47,477 INFO o.a.j.t.JMeterThread: Thread is done: Login Users 1-31
2026-01-14 11:33:47,477 INFO o.a.j.t.JMeterThread: Thread finished: Login Users 1-31
2026-01-14 11:33:47,522 INFO o.a.j.t.JMeterThread: Thread is done: Login Users 1-37
2026-01-14 11:33:47,522 INFO o.a.j.t.JMeterThread: Thread finished: Login Users 1-37
2026-01-14 11:33:47,807 INFO o.a.j.t.JMeterThread: Thread is done: Login Users 1-28
2026-01-14 11:33:47,807 INFO o.a.j.t.JMeterThread: Thread finished: Login Users 1-28
2026-01-14 11:33:47,940 INFO o.a.j.t.JMeterThread: Thread is done: Login Users 1-53
2026-01-14 11:33:47,941 INFO o.a.j.t.JMeterThread: Thread finished: Login Users 1-53
2026-01-14 11:33:48,075 INFO o.a.j.t.JMeterThread: Thread is done: Login Users 1-19
2026-01-14 11:33:48,076 INFO o.a.j.t.JMeterThread: Thread finished: Login Users 1-19
2026-01-14 11:33:48,143 INFO o.a.j.t.JMeterThread: Thread is done: Login Users 1-54
2026-01-14 11:33:48,143 INFO o.a.j.t.JMeterThread: Thread finished: Login Users 1-54
2026-01-14 11:33:48,491 INFO o.a.j.t.JMeterThread: Thread is done: Login Users 1-5
2026-01-14 11:33:48,492 INFO o.a.j.t.JMeterThread: Thread finished: Login Users 1-5
2026-01-14 11:33:48,804 INFO o.a.j.t.JMeterThread: Thread is done: Login Users 1-34
2026-01-14 11:33:48,805 INFO o.a.j.t.JMeterThread: Thread finished: Login Users 1-34
2026-01-14 11:33:48,810 INFO o.a.j.t.JMeterThread: Thread is done: Login Users 1-22
2026-01-14 11:33:48,810 INFO o.a.j.t.JMeterThread: Thread finished: Login Users 1-22
2026-01-14 11:33:49,710 INFO o.a.j.t.JMeterThread: Thread is done: Login Users 1-23
2026-01-14 11:33:49,710 INFO o.a.j.t.JMeterThread: Thread finished: Login Users 1-23
2026-01-14 11:33:49,710 INFO o.a.j.t.JMeterThread: Thread is done: Login Users 1-36
2026-01-14 11:33:49,710 INFO o.a.j.t.JMeterThread: Thread finished: Login Users 1-36
2026-01-14 11:33:50,578 INFO o.a.j.t.JMeterThread: Thread is done: Login Users 1-8
2026-01-14 11:33:50,578 INFO o.a.j.t.JMeterThread: Thread finished: Login Users 1-8
2026-01-14 11:33:50,764 INFO o.a.j.t.JMeterThread: Thread is done: Login Users 1-25
2026-01-14 11:33:50,765 INFO o.a.j.t.JMeterThread: Thread finished: Login Users 1-25
2026-01-14 11:33:50,925 INFO o.a.j.t.JMeterThread: Thread is done: Login Users 1-41
2026-01-14 11:33:50,927 INFO o.a.j.t.JMeterThread: Thread finished: Login Users 1-41
2026-01-14 11:33:51,317 INFO o.a.j.t.JMeterThread: Thread is done: Login Users 1-17
2026-01-14 11:33:51,318 INFO o.a.j.t.JMeterThread: Thread finished: Login Users 1-17
2026-01-14 11:33:52,612 INFO o.a.j.t.JMeterThread: Thread is done: Login Users 1-30
2026-01-14 11:33:52,613 INFO o.a.j.t.JMeterThread: Thread finished: Login Users 1-30
2026-01-14 11:33:52,713 INFO o.a.j.t.JMeterThread: Thread is done: Login Users 1-14
2026-01-14 11:33:52,714 INFO o.a.j.t.JMeterThread: Thread finished: Login Users 1-14
2026-01-14 11:33:52,806 INFO o.a.j.t.JMeterThread: Thread is done: Login Users 1-35
2026-01-14 11:33:52,806 INFO o.a.j.t.JMeterThread: Thread finished: Login Users 1-35
2026-01-14 11:33:52,917 INFO o.a.j.t.JMeterThread: Thread is done: Login Users 1-56
2026-01-14 11:33:52,917 INFO o.a.j.t.JMeterThread: Thread finished: Login Users 1-56
2026-01-14 11:33:53,064 INFO o.a.j.t.JMeterThread: Thread is done: Login Users 1-27
2026-01-14 11:33:53,064 INFO o.a.j.t.JMeterThread: Thread finished: Login Users 1-27
2026-01-14 11:33:53,067 INFO o.a.j.t.JMeterThread: Thread is done: Login Users 1-47
2026-01-14 11:33:53,067 INFO o.a.j.t.JMeterThread: Thread finished: Login Users 1-47
2026-01-14 11:33:53,243 INFO o.a.j.t.JMeterThread: Thread is done: Login Users 1-24
2026-01-14 11:33:53,243 INFO o.a.j.t.JMeterThread: Thread finished: Login Users 1-24
2026-01-14 11:33:53,345 INFO o.a.j.t.JMeterThread: Thread is done: Login Users 1-32
2026-01-14 11:33:53,345 INFO o.a.j.t.JMeterThread: Thread finished: Login Users 1-32
2026-01-14 11:33:53,423 INFO o.a.j.t.JMeterThread: Thread is done: Login Users 1-20
2026-01-14 11:33:53,423 INFO o.a.j.t.JMeterThread: Thread finished: Login Users 1-20
2026-01-14 11:33:53,995 INFO o.a.j.t.JMeterThread: Thread is done: Login Users 1-51
2026-01-14 11:33:53,995 INFO o.a.j.t.JMeterThread: Thread finished: Login Users 1-51
2026-01-14 11:33:54,301 INFO o.a.j.t.JMeterThread: Thread is done: Login Users 1-15
2026-01-14 11:33:54,302 INFO o.a.j.t.JMeterThread: Thread finished: Login Users 1-15
2026-01-14 11:33:54,750 INFO o.a.j.t.JMeterThread: Thread is done: Login Users 1-40
2026-01-14 11:33:54,751 INFO o.a.j.t.JMeterThread: Thread finished: Login Users 1-40
2026-01-14 11:33:54,790 INFO o.a.j.t.JMeterThread: Thread is done: Login Users 1-9
2026-01-14 11:33:54,791 INFO o.a.j.t.JMeterThread: Thread finished: Login Users 1-9
2026-01-14 11:33:55,034 INFO o.a.j.t.JMeterThread: Thread is done: Login Users 1-43
2026-01-14 11:33:55,035 INFO o.a.j.t.JMeterThread: Thread finished: Login Users 1-43
2026-01-14 11:33:55,248 INFO o.a.j.t.JMeterThread: Thread is done: Login Users 1-10
2026-01-14 11:33:55,249 INFO o.a.j.t.JMeterThread: Thread finished: Login Users 1-10
2026-01-14 11:33:55,349 INFO o.a.j.t.JMeterThread: Thread is done: Login Users 1-38
2026-01-14 11:33:55,349 INFO o.a.j.t.JMeterThread: Thread finished: Login Users 1-38
2026-01-14 11:33:55,787 INFO o.a.j.t.JMeterThread: Thread is done: Login Users 1-52
2026-01-14 11:33:55,788 INFO o.a.j.t.JMeterThread: Thread finished: Login Users 1-52
2026-01-14 11:33:56,073 INFO o.a.j.t.JMeterThread: Thread is done: Login Users 1-45
2026-01-14 11:33:56,074 INFO o.a.j.t.JMeterThread: Thread finished: Login Users 1-45
2026-01-14 11:33:56,294 INFO o.a.j.t.JMeterThread: Thread is done: Login Users 1-42
2026-01-14 11:33:56,294 INFO o.a.j.t.JMeterThread: Thread finished: Login Users 1-42
2026-01-14 11:33:56,344 INFO o.a.j.t.JMeterThread: Thread is done: Login Users 1-49
2026-01-14 11:33:56,346 INFO o.a.j.t.JMeterThread: Thread finished: Login Users 1-49
2026-01-14 11:33:56,571 INFO o.a.j.t.JMeterThread: Thread is done: Login Users 1-3
2026-01-14 11:33:56,572 INFO o.a.j.t.JMeterThread: Thread finished: Login Users 1-3
2026-01-14 11:33:56,601 INFO o.a.j.t.JMeterThread: Thread is done: Login Users 1-26
2026-01-14 11:33:56,601 INFO o.a.j.t.JMeterThread: Thread finished: Login Users 1-26
2026-01-14 11:33:56,764 INFO o.a.j.t.JMeterThread: Thread is done: Login Users 1-18
2026-01-14 11:33:56,765 INFO o.a.j.t.JMeterThread: Thread finished: Login Users 1-18
2026-01-14 11:33:56,785 INFO o.a.j.t.JMeterThread: Thread is done: Login Users 1-44
2026-01-14 11:33:56,785 INFO o.a.j.t.JMeterThread: Thread finished: Login Users 1-44
2026-01-14 11:33:56,810 INFO o.a.j.t.JMeterThread: Thread is done: Login Users 1-33
2026-01-14 11:33:56,810 INFO o.a.j.t.JMeterThread: Thread finished: Login Users 1-33
2026-01-14 11:33:57,773 INFO o.a.j.t.JMeterThread: Thread is done: Login Users 1-21
2026-01-14 11:33:57,773 INFO o.a.j.t.JMeterThread: Thread is done: Login Users 1-7
2026-01-14 11:33:57,773 INFO o.a.j.t.JMeterThread: Thread finished: Login Users 1-21
2026-01-14 11:33:57,773 INFO o.a.j.t.JMeterThread: Thread finished: Login Users 1-7
2026-01-14 11:33:57,875 INFO o.a.j.t.JMeterThread: Thread is done: Login Users 1-50
2026-01-14 11:33:57,876 INFO o.a.j.t.JMeterThread: Thread finished: Login Users 1-50
2026-01-14 11:33:58,090 INFO o.a.j.t.JMeterThread: Thread is done: Login Users 1-55
2026-01-14 11:33:58,090 INFO o.a.j.t.JMeterThread: Thread finished: Login Users 1-55
2026-01-14 11:33:58,815 INFO o.a.j.t.JMeterThread: Thread is done: Login Users 1-16
2026-01-14 11:33:58,816 INFO o.a.j.t.JMeterThread: Thread finished: Login Users 1-16
2026-01-14 11:34:01,398 INFO o.a.j.t.JMeterThread: Thread is done: Login Users 1-2
2026-01-14 11:34:01,399 INFO o.a.j.t.JMeterThread: Thread finished: Login Users 1-2
2026-01-14 11:34:02,009 INFO o.a.j.t.JMeterThread: Thread is done: Login Users 1-46
2026-01-14 11:34:02,010 INFO o.a.j.t.JMeterThread: Thread finished: Login Users 1-46
2026-01-14 11:34:04,781 INFO o.a.j.t.JMeterThread: Thread is done: Login Users 1-12
2026-01-14 11:34:04,783 INFO o.a.j.t.JMeterThread: Thread finished: Login Users 1-12
2026-01-14 11:34:04,787 INFO o.a.j.e.StandardJMeterEngine: Notifying test listeners of end of test
2026-01-14 11:34:04,796 INFO o.a.j.r.Summariser: summary =      0 in 00:00:00 = ******/s Avg:     0 Min: 9223372036854775807 Max: -9223372036854775808 Err:     0 (0.00%)
2026-01-14 11:34:04,811 INFO o.a.j.JMeter: Generating Dashboard
2026-01-14 11:34:04,812 INFO o.a.j.r.d.ReportGenerator: Flushing result collector before report Generation
2026-01-14 11:34:04,859 INFO o.a.j.r.p.NormalizerSampleConsumer: Using format, 'ms', to parse timeStamp field
2026-01-14 11:34:05,225 INFO o.a.j.r.p.AbstractSampleConsumer: class org.apache.jmeter.report.processor.AggregateConsumer#stopProducing(): beginDate produced 0 samples
2026-01-14 11:34:05,226 INFO o.a.j.r.p.AbstractSampleConsumer: class org.apache.jmeter.report.processor.AggregateConsumer#stopProducing(): endDate produced 0 samples
2026-01-14 11:34:05,230 INFO o.a.j.r.p.AbstractSampleConsumer: class org.apache.jmeter.report.processor.ApdexSummaryConsumer#stopProducing(): apdexSummary produced 0 samples
2026-01-14 11:34:05,230 INFO o.a.j.r.p.AbstractSampleConsumer: class org.apache.jmeter.report.processor.RequestsSummaryConsumer#stopProducing(): requestsSummary produced 0 samples
2026-01-14 11:34:05,250 INFO o.a.j.r.p.AbstractSampleConsumer: class org.apache.jmeter.report.processor.StatisticsSummaryConsumer#stopProducing(): statisticsSummary produced 0 samples
2026-01-14 11:34:05,254 INFO o.a.j.r.p.AbstractSampleConsumer: class org.apache.jmeter.report.processor.Top5ErrorsBySamplerConsumer#stopProducing(): top5ErrorsBySampler produced 0 samples
2026-01-14 11:34:05,255 INFO o.a.j.r.p.AbstractSampleConsumer: class org.apache.jmeter.report.processor.ErrorsSummaryConsumer#stopProducing(): errorsSummary produced 0 samples
2026-01-14 11:34:05,255 INFO o.a.j.r.p.AbstractSampleConsumer: class org.apache.jmeter.report.processor.graph.impl.HitsPerSecondGraphConsumer#stopProducing(): hitsPerSecond produced 0 samples
2026-01-14 11:34:05,346 INFO o.a.j.r.p.AbstractSampleConsumer: class org.apache.jmeter.report.processor.graph.impl.LatencyVSRequestGraphConsumer#stopProducing(): latencyVsRequest produced 0 samples
2026-01-14 11:34:05,348 INFO o.a.j.r.p.AbstractSampleConsumer: class org.apache.jmeter.report.processor.graph.impl.SyntheticResponseTimeDistributionGraphConsumer#stopProducing(): syntheticResponseTimeDistribution produced 0 samples
2026-01-14 11:34:05,348 INFO o.a.j.r.p.AbstractSampleConsumer: class org.apache.jmeter.report.processor.graph.impl.BytesThroughputGraphConsumer#stopProducing(): bytesThroughputOverTime produced 0 samples
2026-01-14 11:34:05,348 INFO o.a.j.r.p.AbstractSampleConsumer: class org.apache.jmeter.report.processor.graph.impl.CodesPerSecondGraphConsumer#stopProducing(): codesPerSecond produced 0 samples
2026-01-14 11:34:05,384 INFO o.a.j.r.p.AbstractSampleConsumer: class org.apache.jmeter.report.processor.graph.impl.ResponseTimeVSRequestGraphConsumer#stopProducing(): responseTimeVsRequest produced 0 samples
2026-01-14 11:34:05,385 INFO o.a.j.r.p.AbstractSampleConsumer: class org.apache.jmeter.report.processor.FilterConsumer#stopProducing(): startIntervalControlerFilter produced 24696 samples
2026-01-14 11:34:05,385 INFO o.a.j.r.p.AbstractSampleConsumer: class org.apache.jmeter.report.processor.graph.impl.TotalTPSGraphConsumer#stopProducing(): totalTPS produced 0 samples
2026-01-14 11:34:05,385 INFO o.a.j.r.p.AbstractSampleConsumer: class org.apache.jmeter.report.processor.graph.impl.ActiveThreadsGraphConsumer#stopProducing(): activeThreadsOverTime produced 0 samples
2026-01-14 11:34:05,385 INFO o.a.j.r.p.AbstractSampleConsumer: class org.apache.jmeter.report.processor.graph.impl.TimeVSThreadGraphConsumer#stopProducing(): timeVsThreads produced 0 samples
2026-01-14 11:34:05,385 INFO o.a.j.r.p.AbstractSampleConsumer: class org.apache.jmeter.report.processor.graph.impl.ResponseTimeDistributionGraphConsumer#stopProducing(): responseTimeDistribution produced 0 samples
2026-01-14 11:34:05,386 INFO o.a.j.r.p.AbstractSampleConsumer: class org.apache.jmeter.report.processor.graph.impl.TransactionsPerSecondGraphConsumer#stopProducing(): transactionsPerSecond produced 0 samples
2026-01-14 11:34:05,386 INFO o.a.j.r.p.AbstractSampleConsumer: class org.apache.jmeter.report.processor.graph.impl.ResponseTimePercentilesGraphConsumer#stopProducing(): responseTimePercentiles produced 0 samples
2026-01-14 11:34:05,391 INFO o.a.j.r.p.AbstractSampleConsumer: class org.apache.jmeter.report.processor.graph.impl.ResponseTimePercentilesOverTimeGraphConsumer#stopProducing(): responseTimePercentilesOverTime produced 0 samples
2026-01-14 11:34:05,392 INFO o.a.j.r.p.AbstractSampleConsumer: class org.apache.jmeter.report.processor.graph.impl.ResponseTimeOverTimeGraphConsumer#stopProducing(): responseTimesOverTime produced 0 samples
2026-01-14 11:34:05,392 INFO o.a.j.r.p.AbstractSampleConsumer: class org.apache.jmeter.report.processor.graph.impl.ConnectTimeOverTimeGraphConsumer#stopProducing(): connectTimeOverTime produced 0 samples
2026-01-14 11:34:05,392 INFO o.a.j.r.p.AbstractSampleConsumer: class org.apache.jmeter.report.processor.graph.impl.LatencyOverTimeGraphConsumer#stopProducing(): latenciesOverTime produced 0 samples
2026-01-14 11:34:05,392 INFO o.a.j.r.p.AbstractSampleConsumer: class org.apache.jmeter.report.processor.FilterConsumer#stopProducing(): nameFilter produced 68040 samples
2026-01-14 11:34:05,392 INFO o.a.j.r.p.AbstractSampleConsumer: class org.apache.jmeter.report.processor.FilterConsumer#stopProducing(): dateRangeFilter produced 13608 samples
2026-01-14 11:34:05,392 INFO o.a.j.r.p.AbstractSampleConsumer: class org.apache.jmeter.report.processor.NormalizerSampleConsumer#stopProducing(): normalizer produced 4536 samples
2026-01-14 11:34:05,393 INFO o.a.j.r.p.CsvFileSampleSource: produce(): 4536 samples produced in 485ms on channel 0
2026-01-14 11:34:05,393 INFO o.a.j.r.d.ReportGenerator: Exporting data using exporter:'json' of className:'org.apache.jmeter.report.dashboard.JsonExporter'
2026-01-14 11:34:05,488 INFO o.a.j.r.d.JsonExporter: Found data for consumer statisticsSummary in context
2026-01-14 11:34:05,488 INFO o.a.j.r.d.JsonExporter: Creating statistics for overall
2026-01-14 11:34:05,489 INFO o.a.j.r.d.JsonExporter: Creating statistics for other transactions
2026-01-14 11:34:05,489 INFO o.a.j.r.d.JsonExporter: Checking output folder
2026-01-14 11:34:05,490 INFO o.a.j.r.d.JsonExporter: Writing statistics JSON to C:\Users\AryeshSaha\Documents\specialty training\DemoPerfTests\jmeter\interviewReport\statistics.json
2026-01-14 11:34:05,581 INFO o.a.j.r.d.ReportGenerator: Exporting data using exporter:'html' of className:'org.apache.jmeter.report.dashboard.HtmlTemplateExporter'
2026-01-14 11:34:05,596 INFO o.a.j.r.d.HtmlTemplateExporter: Will generate dashboard in folder: C:\Users\AryeshSaha\Documents\specialty training\DemoPerfTests\jmeter\interviewReport
2026-01-14 11:34:05,933 INFO o.a.j.r.d.HtmlTemplateExporter: Report will be generated in: C:\Users\AryeshSaha\Documents\specialty training\DemoPerfTests\jmeter\interviewReport, creating folder structure
2026-01-14 11:34:05,938 INFO o.a.j.r.d.TemplateVisitor: Copying folder from 'C:\Users\AryeshSaha\Downloads\apache-jmeter-5.6.3\apache-jmeter-5.6.3\bin\report-template' to 'C:\Users\AryeshSaha\Documents\specialty training\DemoPerfTests\jmeter\interviewReport', got message: C:\Users\AryeshSaha\Documents\specialty training\DemoPerfTests\jmeter\interviewReport, found non empty folder with following content [C:\Users\AryeshSaha\Documents\specialty training\DemoPerfTests\jmeter\interviewReport\statistics.json], will be ignored
2026-01-14 11:34:06,685 INFO o.a.j.JMeter: Dashboard generated
